Log file open, 05/08/16 02:09:06
LogInit:Display: Running engine for game: SassC
LogPlatformFile: Not using cached read wrapper
LogInit:Display: RandInit(-103017636) SRandInit(-103017635).
LogInit: Using version manifest at CL 0 with build ID '8dd05bf7-9dff-4859-a560-b2bd2ef590e5'
LogTaskGraph: Started task graph with 4 named threads and 7 total threads.
LogStats: Stats thread started at 1.676884
LogInit: Version: 4.11.2-0+UE4
LogInit: API Version: 0
LogInit: Compiled (64-bit): May  6 2016 23:57:44
LogInit: Compiled with Visual C++: 19.00.23506.00
LogInit: Build Configuration: Development
LogInit: Branch Name: UE4
LogInit: Command line: 
LogInit: Base directory: V:/Program Files/Epic Games/UnrealEngine/Engine/Binaries/Win64/
LogInit: Installed Engine Build: 0
LogInit: Using libcurl 7.41.0
LogInit:  - built for x86_64-pc-win32
LogInit:  - supports SSL with WinSSL
LogInit:  - other features:
LogInit:      CURL_VERSION_SSL
LogInit:      CURL_VERSION_IPV6
LogInit:      CURL_VERSION_ASYNCHDNS
LogInit:      CURL_VERSION_LARGEFILE
LogInit:      CURL_VERSION_IDN
LogInit:  CurlRequestOptions (configurable via config and command line):
LogInit:  - bVerifyPeer = true  - Libcurl will verify peer certificate
LogInit:  - bUseHttpProxy = false  - Libcurl will NOT use HTTP proxy
LogInit:  - bDontReuseConnections = false  - Libcurl will reuse connections
LogInit:  - CertBundlePath = nullptr  - Libcurl will use whatever was configured at build time.
LogInit: Presizing for max 16777216 objects, including 0 objects not considered by GC, pre-allocating 0 bytes for permanent pool.
LogInit: Object subsystem initialized
[2016.05.08-06.09.07:210][  0]LogInit: Selected Device Profile: [Windows]
[2016.05.08-06.09.07:210][  0]LogInit: Applying CVar settings loaded from the selected device profile: [Windows]
[2016.05.08-06.09.07:270][  0]LogInit: Computer: TIM-PC
[2016.05.08-06.09.07:271][  0]LogInit: User: Tim
[2016.05.08-06.09.07:271][  0]LogInit: CPU Page size=65536, Cores=4
[2016.05.08-06.09.07:271][  0]LogInit: High frequency timer resolution =3.002238 MHz
[2016.05.08-06.09.07:271][  0]LogMemory: Memory total: Physical=6.0GB (6GB approx)
[2016.05.08-06.09.07:271][  0]LogMemory: Platform Memory Stats for Windows
[2016.05.08-06.09.07:271][  0]LogMemory: Process Physical Memory: 312.66 MB used, 312.66 MB peak
[2016.05.08-06.09.07:271][  0]LogMemory: Process Virtual Memory: 316.07 MB used, 316.07 MB peak
[2016.05.08-06.09.07:271][  0]LogMemory: Physical Memory: 5247.34 MB used, 6135.11 MB total
[2016.05.08-06.09.07:271][  0]LogMemory: Virtual Memory: 651.82 MB used, 134217728.00 MB total
[2016.05.08-06.09.08:436][  0]LogTextLocalizationManager: No specific translations for ('en-US') exist, so ('en') translations will be used.
[2016.05.08-06.09.09:455][  0]LogD3D11RHI: D3D11 adapters:
[2016.05.08-06.09.09:513][  0]LogD3D11RHI:    0. 'NVIDIA GeForce GTX 480' (Feature Level 11_0)
[2016.05.08-06.09.09:513][  0]LogD3D11RHI:       1488MB of dedicated video memory, 0MB of dedicated system memory, and 3067MB of shared system memory, 1 output[s]
[2016.05.08-06.09.09:518][  0]LogD3D11RHI:    1. 'Microsoft Basic Render Driver' (Feature Level 11_0)
[2016.05.08-06.09.09:518][  0]LogD3D11RHI:       0MB of dedicated video memory, 0MB of dedicated system memory, and 3067MB of shared system memory, 0 output[s]
[2016.05.08-06.09.09:518][  0]LogD3D11RHI: Chosen D3D11 Adapter: 0
[2016.05.08-06.09.09:533][  0]LogD3D11RHI: Creating new Direct3DDevice
[2016.05.08-06.09.09:533][  0]LogD3D11RHI:     Adapter Name: NVIDIA GeForce GTX 480
[2016.05.08-06.09.09:534][  0]LogD3D11RHI:   Driver Version: Unknown (internal Unknown)
[2016.05.08-06.09.09:534][  0]LogD3D11RHI:      Driver Date: Unknown
[2016.05.08-06.09.09:534][  0]LogRHI: Texture pool is 1041 MB (70% of 1488 MB)
[2016.05.08-06.09.09:554][  0]LogD3D11RHI: Async texture creation enabled
[2016.05.08-06.09.09:583][  0]LogShaderCompilers: Guid format shader working directory is -1 characters bigger than the processId version (C:/Users/Tim/Documents/Unreal Projects/SassC/Intermediate/Shaders/WorkingDirectory/22684/).
[2016.05.08-06.09.09:583][  0]LogShaderCompilers: Cleaned the shader compiler working directory 'C:/Users/Tim/AppData/Local/Temp/UnrealShaderWorkingDir/0CDA3F024539B01AC02C7B868EE9EA39/'.
[2016.05.08-06.09.09:583][  0]LogShaderCompilers:Display: Using Local Shader Compiler.
[2016.05.08-06.09.12:560][  0]LogTemp:Display: Loaded TP WindowsTargetPlatform
[2016.05.08-06.09.12:615][  0]LogTemp:Display: Loaded TP WindowsNoEditorTargetPlatform
[2016.05.08-06.09.12:679][  0]LogTemp:Display: Loaded TP WindowsServerTargetPlatform
[2016.05.08-06.09.12:740][  0]LogTemp:Display: Loaded TP WindowsClientTargetPlatform
[2016.05.08-06.09.12:784][  0]LogTemp:Display: Loaded TP AllDesktopTargetPlatform
[2016.05.08-06.09.12:861][  0]LogTemp:Display: Loaded TP AndroidTargetPlatform
[2016.05.08-06.09.12:932][  0]LogTemp:Display: Loaded TP Android_PVRTCTargetPlatform
[2016.05.08-06.09.12:996][  0]LogTemp:Display: Loaded TP Android_ATCTargetPlatform
[2016.05.08-06.09.13:069][  0]LogTemp:Display: Loaded TP Android_DXTTargetPlatform
[2016.05.08-06.09.13:157][  0]LogTemp:Display: Loaded TP Android_ETC1TargetPlatform
[2016.05.08-06.09.13:234][  0]LogTemp:Display: Loaded TP Android_ETC2TargetPlatform
[2016.05.08-06.09.13:297][  0]LogTemp:Display: Loaded TP Android_ASTCTargetPlatform
[2016.05.08-06.09.13:367][  0]LogTemp:Display: Loaded TP Android_MultiTargetPlatform
[2016.05.08-06.09.13:412][  0]LogTemp:Display: Loaded TP HTML5TargetPlatform
[2016.05.08-06.09.13:658][  0]LogTemp:Display: Loaded TP IOSTargetPlatform
[2016.05.08-06.09.13:711][  0]LogTemp:Display: Loaded TP TVOSTargetPlatform
[2016.05.08-06.09.13:712][  0]LogTargetPlatformManager:Display: Building Assets For Windows
[2016.05.08-06.09.15:156][  0]LogDerivedDataCache:Display: Max Cache Size: 512 MB
[2016.05.08-06.09.15:479][  0]LogDerivedDataCache: Loaded boot cache 0.32s 46MB C:/Users/Tim/Documents/Unreal Projects/SassC/DerivedDataCache/Boot.ddc.
[2016.05.08-06.09.15:479][  0]LogDerivedDataCache:Display: Loaded Boot cache: C:/Users/Tim/Documents/Unreal Projects/SassC/DerivedDataCache/Boot.ddc
[2016.05.08-06.09.15:479][  0]LogDerivedDataCache: FDerivedDataBackendGraph:  Pak pak cache file C:/Users/Tim/Documents/Unreal Projects/SassC/DerivedDataCache/DDC.ddp not found, will not use a pak cache.
[2016.05.08-06.09.15:479][  0]LogDerivedDataCache: Unable to find inner node Pak for hierarchical cache Hierarchy.
[2016.05.08-06.09.15:479][  0]LogDerivedDataCache: FDerivedDataBackendGraph:  EnginePak pak cache file ../../../Engine/DerivedDataCache/DDC.ddp not found, will not use a pak cache.
[2016.05.08-06.09.15:479][  0]LogDerivedDataCache: Unable to find inner node EnginePak for hierarchical cache Hierarchy.
[2016.05.08-06.09.15:492][  0]LogDerivedDataCache: Using Local data cache path ../../../Engine/DerivedDataCache: Writable
[2016.05.08-06.09.15:492][  0]LogDerivedDataCache: Shared data cache path not found in *engine.ini, will not use an Shared cache.
[2016.05.08-06.09.15:492][  0]LogDerivedDataCache: Unable to find inner node Shared for hierarchical cache Hierarchy.
[2016.05.08-06.09.22:723][  0]LogInit: Selected Device Profile: [Windows]
[2016.05.08-06.09.22:779][  0]LogContentStreaming: Texture pool size is 0.00 MB
[2016.05.08-06.09.23:804][  0]LogMaterial: Uniform references updated for custom material expression Custom.
[2016.05.08-06.09.25:055][  0]LogMeshUtilities: No automatic mesh reduction module available
[2016.05.08-06.09.25:056][  0]LogMeshUtilities: No automatic mesh merging module available
[2016.05.08-06.09.25:056][  0]LogMeshUtilities: No distributed automatic mesh merging module available
[2016.05.08-06.09.28:840][  0]LogUObjectArray: 27672 objects as part of root set at end of initial load.
[2016.05.08-06.09.28:840][  0]LogUObjectAllocator: 5590152 out of 0 bytes used by permanent object pool.
[2016.05.08-06.09.28:840][  0]LogUObjectArray: CloseDisregardForGC: 0/0 objects in disregard for GC pool
[2016.05.08-06.09.28:926][  0]LogInit: WinSock: version 1.1 (2.2), MaxSocks=32767, MaxUdp=65467
[2016.05.08-06.09.34:226][  0]LogSlate: SlateFontCache - WITH_FREETYPE: 1, WITH_HARFBUZZ: 1
[2016.05.08-06.09.34:237][  0]LogSlate: SlateFontCache - WITH_FREETYPE: 1, WITH_HARFBUZZ: 1
[2016.05.08-06.09.37:132][  0]LogStreaming:Warning: Failed to read file '../../../Engine/Content/Editor/Slate/Common/Selection_16x.png' error.
[2016.05.08-06.09.37:133][  0]LogSlate: Could not find file for Slate resource: ../../../Engine/Content/Editor/Slate/Common/Selection_16x.png
[2016.05.08-06.09.37:133][  0]LogStreaming:Warning: Failed to read file '../../../Engine/Content/Editor/Slate/Common/Selection_16x.png' error.
[2016.05.08-06.09.37:133][  0]LogSlate: Could not find file for Slate resource: ../../../Engine/Content/Editor/Slate/Common/Selection_16x.png
[2016.05.08-06.09.37:133][  0]LogStreaming:Warning: Failed to read file '../../../Engine/Content/Editor/Slate/Common/Selection_16x.png' error.
[2016.05.08-06.09.37:133][  0]LogSlate: Could not find file for Slate resource: ../../../Engine/Content/Editor/Slate/Common/Selection_16x.png
[2016.05.08-06.09.46:194][  0]LogUdpMessaging: Initializing bridge on interface 0.0.0.0:0 to multicast group 230.0.0.1:6666.
[2016.05.08-06.09.47:051][  0]LogAssetRegistry: FAssetRegistry took 0.0248 seconds to start up
[2016.05.08-06.09.52:266][  0]SourceControl: Info Source control is disabled
[2016.05.08-06.09.55:377][  0]LogHMD: Failed to initialize OpenVR with code 110
[2016.05.08-06.09.57:589][  0]LogEngine: Initializing Engine...
[2016.05.08-06.10.00:158][  0]LogAIModule: Creating AISystem for world NewWorld
[2016.05.08-06.10.00:664][  0]LogInit: XAudio2 using 'Speakers (High Definition Audio Device)' : 2 channels at 44.1 kHz using 16 bits per sample (channel mask 0x3)
[2016.05.08-06.10.00:707][  0]LogInit: FAudioDevice initialized.
[2016.05.08-06.10.00:749][  0]LogDerivedDataCache: Saved boot cache 0.04s 46MB C:/Users/Tim/Documents/Unreal Projects/SassC/DerivedDataCache/Boot.ddc.
[2016.05.08-06.10.00:764][  0]LogInit: Texture streaming: Enabled
[2016.05.08-06.10.02:617][  0]LogInit: Transaction tracking system initialized
[2016.05.08-06.10.04:561][  0]BlueprintLog: New page: Editor Load
[2016.05.08-06.10.11:818][  0]LocalizationService: Info Localization service is disabled
[2016.05.08-06.10.15:679][  0]LogConsoleResponse:Display: 
[2016.05.08-06.10.17:809][  0]LogCook:Display: Max memory allowance for cook 8192mb
[2016.05.08-06.10.17:810][  0]LogCook:Display: Mobile HDR setting 1
[2016.05.08-06.10.17:810][  0]LogCook:Display: Done creating registry. It took  0.00s.
[2016.05.08-06.10.19:518][  0]LogFileCache: Scanning file cache for directory 'C:/Users/Tim/Documents/Unreal Projects/SassC/Content/' took 0.09s
[2016.05.08-06.10.20:001][  0]Cmd: MAP LOAD FILE="C:/Users/Tim/Documents/Unreal Projects/SassC/Content/Maps/orbit.umap" TEMPLATE=0 SHOWPROGRESS=1 FEATURELEVEL=3
[2016.05.08-06.10.20:107][  0]LightingResults: New page: Lighting Build
[2016.05.08-06.10.20:645][  0]MapCheck: New page: Map Check
[2016.05.08-06.10.20:645][  0]LightingResults: New page: Lighting Build
[2016.05.08-06.10.25:056][  0]LogBlueprint:Warning: Node '/Game/MixamoAnimPack/Mixamo_Adam/Anims/MixamoAnimBP_Adam.MixamoAnimBP_Adam:EdGraph_20.K2Node_CommutativeAssociativeBinaryOperator_2253' missing NodeGuid because of upgrade from old package version, this can cause deterministic cooking issues please resave package.
[2016.05.08-06.10.25:056][  0]LogBlueprint:Warning: Node '/Game/MixamoAnimPack/Mixamo_Adam/Anims/MixamoAnimBP_Adam.MixamoAnimBP_Adam:EdGraph_20.K2Node_CallFunction_102548' missing NodeGuid because of upgrade from old package version, this can cause deterministic cooking issues please resave package.
[2016.05.08-06.10.25:056][  0]LogBlueprint:Warning: Node '/Game/MixamoAnimPack/Mixamo_Adam/Anims/MixamoAnimBP_Adam.MixamoAnimBP_Adam:EdGraph_20.K2Node_VariableGet_2488' missing NodeGuid because of upgrade from old package version, this can cause deterministic cooking issues please resave package.
[2016.05.08-06.10.25:056][  0]LogBlueprint:Warning: Node '/Game/MixamoAnimPack/Mixamo_Adam/Anims/MixamoAnimBP_Adam.MixamoAnimBP_Adam:EdGraph_20.K2Node_FunctionResult_0' missing NodeGuid because of upgrade from old package version, this can cause deterministic cooking issues please resave package.
[2016.05.08-06.10.25:056][  0]LogBlueprint:Warning: Node '/Game/MixamoAnimPack/Mixamo_Adam/Anims/MixamoAnimBP_Adam.MixamoAnimBP_Adam:EdGraph_20.K2Node_FunctionEntry_139' missing NodeGuid because of upgrade from old package version, this can cause deterministic cooking issues please resave package.
[2016.05.08-06.10.25:214][  0]LogBlueprint:Warning: Node '/Game/MixamoAnimPack/Mixamo_Adam/Anims/MixamoAnimBP_Adam.MixamoAnimBP_Adam:EdGraph_22.K2Node_CommutativeAssociativeBinaryOperator_2253' missing NodeGuid because of upgrade from old package version, this can cause deterministic cooking issues please resave package.
[2016.05.08-06.10.25:214][  0]LogBlueprint:Warning: Node '/Game/MixamoAnimPack/Mixamo_Adam/Anims/MixamoAnimBP_Adam.MixamoAnimBP_Adam:EdGraph_22.K2Node_CallFunction_102548' missing NodeGuid because of upgrade from old package version, this can cause deterministic cooking issues please resave package.
[2016.05.08-06.10.25:214][  0]LogBlueprint:Warning: Node '/Game/MixamoAnimPack/Mixamo_Adam/Anims/MixamoAnimBP_Adam.MixamoAnimBP_Adam:EdGraph_22.K2Node_VariableGet_2488' missing NodeGuid because of upgrade from old package version, this can cause deterministic cooking issues please resave package.
[2016.05.08-06.10.25:214][  0]LogBlueprint:Warning: Node '/Game/MixamoAnimPack/Mixamo_Adam/Anims/MixamoAnimBP_Adam.MixamoAnimBP_Adam:EdGraph_22.K2Node_FunctionResult_0' missing NodeGuid because of upgrade from old package version, this can cause deterministic cooking issues please resave package.
[2016.05.08-06.10.25:214][  0]LogBlueprint:Warning: Node '/Game/MixamoAnimPack/Mixamo_Adam/Anims/MixamoAnimBP_Adam.MixamoAnimBP_Adam:EdGraph_22.K2Node_FunctionEntry_139' missing NodeGuid because of upgrade from old package version, this can cause deterministic cooking issues please resave package.
[2016.05.08-06.10.25:771][  0]LogProperty:Error: UStructProperty::Serialize Loading: Property 'StructProperty /Game/Blueprints/lobby/sassLobbyGameState.sassLobbyGameState_C:ExecuteUbergraph_sassLobbyGameState.CallFunc_Array_Get_Item'. Unknown structure.
[2016.05.08-06.10.25:771][  0]LogProperty:Error: UStructProperty::Serialize Loading: Property 'StructProperty /Game/Blueprints/lobby/sassLobbyGameState.sassLobbyGameState_C:ExecuteUbergraph_sassLobbyGameState.K2Node_MakeStruct_mapVoteStruct'. Unknown structure.
[2016.05.08-06.10.25:772][  0]LogProperty:Error: UStructProperty::Serialize Loading: Property 'StructProperty /Game/Blueprints/lobby/sassLobbyGameState.sassLobbyGameState_C:aMapVoteArray.aMapVoteArray'. Unknown structure.
[2016.05.08-06.10.26:037][  0]LogProperty:Error: UStructProperty::Serialize Loading: Property 'StructProperty /Game/Blueprints/lobby/lobbyGameMode.lobbyGameMode_C:resetVoteArrays.CallFunc_Array_Get_Item'. Unknown structure.
[2016.05.08-06.10.26:038][  0]LogProperty:Error: UStructProperty::Serialize Loading: Property 'StructProperty /Game/Blueprints/lobby/lobbyGameMode.lobbyGameMode_C:resetVoteArrays.K2Node_MakeStruct_mapVoteStruct'. Unknown structure.
[2016.05.08-06.10.26:039][  0]LogProperty:Error: UStructProperty::Serialize Loading: Property 'StructProperty /Game/Blueprints/lobby/lobbyGameMode.lobbyGameMode_C:ExecuteUbergraph_lobbyGameMode.CallFunc_Array_Get_Item2'. Unknown structure.
[2016.05.08-06.10.26:041][  0]LogProperty:Error: UStructProperty::Serialize Loading: Property 'StructProperty /Game/Blueprints/lobby/lobbyGameMode.lobbyGameMode_C:ExecuteUbergraph_lobbyGameMode.CallFunc_Array_Get_Item5'. Unknown structure.
[2016.05.08-06.10.26:042][  0]LogProperty:Error: UStructProperty::Serialize Loading: Property 'StructProperty /Game/Blueprints/lobby/lobbyGameMode.lobbyGameMode_C:aMapVoteArrayCopy.aMapVoteArrayCopy'. Unknown structure.
[2016.05.08-06.10.26:062][  0]LogProperty:Error: UStructProperty::Serialize Loading: Property 'StructProperty /Game/Blueprints/lobby/lobbyHUD.lobbyHUD_C:getMapBinding.CallFunc_Array_Get_Item'. Unknown structure.
[2016.05.08-06.10.26:114][  0]LogProperty:Error: UStructProperty::Serialize Loading: Property 'StructProperty /Game/Blueprints/lobby/lobbyMapVoteMenuHUD.lobbyMapVoteMenuHUD_C:getMapBinding.CallFunc_Array_Get_Item'. Unknown structure.
[2016.05.08-06.10.26:114][  0]LogProperty:Error: UStructProperty::Serialize Loading: Property 'StructProperty /Game/Blueprints/lobby/lobbyMapVoteMenuHUD.lobbyMapVoteMenuHUD_C:getMapBinding.CallFunc_Array_Get_Item2'. Unknown structure.
[2016.05.08-06.10.26:697][  0]LogBlueprint:Warning: USimpleConstructionScript::FixupRootNodeParentReferences() - Couldn't find inherited parent component 'DefaultSceneRoot' for 'GateMesh' in BlueprintGeneratedClass 'REINST_Gate_C_41' (it may have been removed)
[2016.05.08-06.10.28:227][  0]LogBlueprint:Warning: USimpleConstructionScript::FixupRootNodeParentReferences() - Couldn't find inherited parent component 'DefaultSceneRoot' for 'CityMesh' in BlueprintGeneratedClass 'REINST_City_C_99' (it may have been removed)
[2016.05.08-06.10.28:227][  0]LogBlueprint:Warning: USimpleConstructionScript::FixupRootNodeParentReferences() - Couldn't find inherited parent component 'DefaultSceneRoot' for 'Box' in BlueprintGeneratedClass 'REINST_City_C_99' (it may have been removed)
[2016.05.08-06.10.28:977][  0]LogBlueprint:Warning: Node '/Game/MixamoAnimPack/Mixamo_Adam/Anims/MixamoAnimBP_Adam.MixamoAnimBP_Adam:EdGraph_370.K2Node_CommutativeAssociativeBinaryOperator_2253' missing NodeGuid because of upgrade from old package version, this can cause deterministic cooking issues please resave package.
[2016.05.08-06.10.28:978][  0]LogBlueprint:Warning: Node '/Game/MixamoAnimPack/Mixamo_Adam/Anims/MixamoAnimBP_Adam.MixamoAnimBP_Adam:EdGraph_370.K2Node_CallFunction_102548' missing NodeGuid because of upgrade from old package version, this can cause deterministic cooking issues please resave package.
[2016.05.08-06.10.28:978][  0]LogBlueprint:Warning: Node '/Game/MixamoAnimPack/Mixamo_Adam/Anims/MixamoAnimBP_Adam.MixamoAnimBP_Adam:EdGraph_370.K2Node_VariableGet_2488' missing NodeGuid because of upgrade from old package version, this can cause deterministic cooking issues please resave package.
[2016.05.08-06.10.28:978][  0]LogBlueprint:Warning: Node '/Game/MixamoAnimPack/Mixamo_Adam/Anims/MixamoAnimBP_Adam.MixamoAnimBP_Adam:EdGraph_370.K2Node_FunctionResult_0' missing NodeGuid because of upgrade from old package version, this can cause deterministic cooking issues please resave package.
[2016.05.08-06.10.28:978][  0]LogBlueprint:Warning: Node '/Game/MixamoAnimPack/Mixamo_Adam/Anims/MixamoAnimBP_Adam.MixamoAnimBP_Adam:EdGraph_370.K2Node_FunctionEntry_139' missing NodeGuid because of upgrade from old package version, this can cause deterministic cooking issues please resave package.
[2016.05.08-06.10.31:817][  0]LogBlueprint:Warning: Node '/Game/MixamoAnimPack/Mixamo_Adam/Anims/MixamoAnimBP_Adam.MixamoAnimBP_Adam:AnimGraph.AnimGraphNode_StateMachine_6.Default.AnimStateNode_1.Locomotion/Idle.AnimGraphNode_BlendSpacePlayer_9' missing NodeGuid because of upgrade from old package version, this can cause deterministic cooking issues please resave package.
[2016.05.08-06.10.31:818][  0]LogBlueprint:Warning: Node '/Game/MixamoAnimPack/Mixamo_Adam/Anims/MixamoAnimBP_Adam.MixamoAnimBP_Adam:AnimGraph.AnimGraphNode_Root_5' missing NodeGuid because of upgrade from old package version, this can cause deterministic cooking issues please resave package.
[2016.05.08-06.10.31:818][  0]LogBlueprint:Warning: Node '/Game/MixamoAnimPack/Mixamo_Adam/Anims/MixamoAnimBP_Adam.MixamoAnimBP_Adam:AnimGraph.AnimGraphNode_StateMachine_6.Default.AnimStateNode_2.Run Jump.AnimGraphNode_SequencePlayer_34' missing NodeGuid because of upgrade from old package version, this can cause deterministic cooking issues please resave package.
[2016.05.08-06.10.31:818][  0]LogBlueprint:Warning: Node '/Game/MixamoAnimPack/Mixamo_Adam/Anims/MixamoAnimBP_Adam.MixamoAnimBP_Adam:AnimGraph.AnimGraphNode_StateMachine_6.Default.AnimStateNode_3.Jump.AnimGraphNode_SequencePlayer_483' missing NodeGuid because of upgrade from old package version, this can cause deterministic cooking issues please resave package.
[2016.05.08-06.10.31:818][  0]LogBlueprint:Warning: Node '/Game/MixamoAnimPack/Mixamo_Adam/Anims/MixamoAnimBP_Adam.MixamoAnimBP_Adam:AnimGraph.AnimGraphNode_StateMachine_6.Default.AnimStateNode_7.attacking.AnimGraphNode_SequencePlayer_153' missing NodeGuid because of upgrade from old package version, this can cause deterministic cooking issues please resave package.
[2016.05.08-06.10.31:818][  0]LogBlueprint:Warning: Node '/Game/MixamoAnimPack/Mixamo_Adam/Anims/MixamoAnimBP_Adam.MixamoAnimBP_Adam:AnimGraph.AnimGraphNode_StateMachine_6' missing NodeGuid because of upgrade from old package version, this can cause deterministic cooking issues please resave package.
[2016.05.08-06.10.31:818][  0]LogBlueprint:Warning: Node '/Game/MixamoAnimPack/Mixamo_Adam/Anims/MixamoAnimBP_Adam.MixamoAnimBP_Adam:AnimGraph.AnimGraphNode_StateMachine_6.Default.AnimStateNode_1.Locomotion/Idle.AnimGraphNode_StateResult_20' missing NodeGuid because of upgrade from old package version, this can cause deterministic cooking issues please resave package.
[2016.05.08-06.10.31:819][  0]LogBlueprint:Warning: Node '/Game/MixamoAnimPack/Mixamo_Adam/Anims/MixamoAnimBP_Adam.MixamoAnimBP_Adam:AnimGraph.AnimGraphNode_StateMachine_6.Default.AnimStateNode_2.Run Jump.AnimGraphNode_StateResult_15' missing NodeGuid because of upgrade from old package version, this can cause deterministic cooking issues please resave package.
[2016.05.08-06.10.31:819][  0]LogBlueprint:Warning: Node '/Game/MixamoAnimPack/Mixamo_Adam/Anims/MixamoAnimBP_Adam.MixamoAnimBP_Adam:AnimGraph.AnimGraphNode_StateMachine_6.Default.AnimStateNode_3.Jump.AnimGraphNode_StateResult_55' missing NodeGuid because of upgrade from old package version, this can cause deterministic cooking issues please resave package.
[2016.05.08-06.10.31:819][  0]LogBlueprint:Warning: Node '/Game/MixamoAnimPack/Mixamo_Adam/Anims/MixamoAnimBP_Adam.MixamoAnimBP_Adam:AnimGraph.AnimGraphNode_StateMachine_6.Default.AnimStateNode_7.attacking.AnimGraphNode_StateResult_188' missing NodeGuid because of upgrade from old package version, this can cause deterministic cooking issues please resave package.
[2016.05.08-06.10.31:819][  0]LogBlueprint:Warning: Node '/Game/MixamoAnimPack/Mixamo_Adam/Anims/MixamoAnimBP_Adam.MixamoAnimBP_Adam:AnimGraph.AnimGraphNode_StateMachine_6.Default.AnimStateTransitionNode_1.Transition.AnimGraphNode_TransitionResult_20' missing NodeGuid because of upgrade from old package version, this can cause deterministic cooking issues please resave package.
[2016.05.08-06.10.31:819][  0]LogBlueprint:Warning: Node '/Game/MixamoAnimPack/Mixamo_Adam/Anims/MixamoAnimBP_Adam.MixamoAnimBP_Adam:AnimGraph.AnimGraphNode_StateMachine_6.Default.AnimStateTransitionNode_12.Transition.AnimGraphNode_TransitionResult_467' missing NodeGuid because of upgrade from old package version, this can cause deterministic cooking issues please resave package.
[2016.05.08-06.10.31:819][  0]LogBlueprint:Warning: Node '/Game/MixamoAnimPack/Mixamo_Adam/Anims/MixamoAnimBP_Adam.MixamoAnimBP_Adam:AnimGraph.AnimGraphNode_StateMachine_6.Default.AnimStateTransitionNode_2.Transition.AnimGraphNode_TransitionResult_28' missing NodeGuid because of upgrade from old package version, this can cause deterministic cooking issues please resave package.
[2016.05.08-06.10.31:819][  0]LogBlueprint:Warning: Node '/Game/MixamoAnimPack/Mixamo_Adam/Anims/MixamoAnimBP_Adam.MixamoAnimBP_Adam:AnimGraph.AnimGraphNode_StateMachine_6.Default.AnimStateTransitionNode_5.Transition.AnimGraphNode_TransitionResult_142' missing NodeGuid because of upgrade from old package version, this can cause deterministic cooking issues please resave package.
[2016.05.08-06.10.31:819][  0]LogBlueprint:Warning: Node '/Game/MixamoAnimPack/Mixamo_Adam/Anims/MixamoAnimBP_Adam.MixamoAnimBP_Adam:AnimGraph.AnimGraphNode_StateMachine_6.Default.AnimStateTransitionNode_6.AnimationTransitionGraph_65.AnimGraphNode_TransitionResult_22' missing NodeGuid because of upgrade from old package version, this can cause deterministic cooking issues please resave package.
[2016.05.08-06.10.31:820][  0]LogBlueprint:Warning: Node '/Game/MixamoAnimPack/Mixamo_Adam/Anims/MixamoAnimBP_Adam.MixamoAnimBP_Adam:AnimGraph.AnimGraphNode_StateMachine_6.Default.AnimStateTransitionNode_7.Transition.AnimGraphNode_TransitionResult_148' missing NodeGuid because of upgrade from old package version, this can cause deterministic cooking issues please resave package.
[2016.05.08-06.10.31:820][  0]LogBlueprint:Warning: Node '/Game/MixamoAnimPack/Mixamo_Adam/Anims/MixamoAnimBP_Adam.MixamoAnimBP_Adam:AnimGraph.AnimGraphNode_StateMachine_6.Default.AnimStateTransitionNode_8.Transition.AnimGraphNode_TransitionResult_233' missing NodeGuid because of upgrade from old package version, this can cause deterministic cooking issues please resave package.
[2016.05.08-06.10.31:820][  0]LogBlueprint:Warning: Node '/Game/MixamoAnimPack/Mixamo_Adam/Anims/MixamoAnimBP_Adam.MixamoAnimBP_Adam:AnimGraph.AnimGraphNode_StateMachine_6.Default.AnimStateEntryNode_0' missing NodeGuid because of upgrade from old package version, this can cause deterministic cooking issues please resave package.
[2016.05.08-06.10.31:820][  0]LogBlueprint:Warning: Node '/Game/MixamoAnimPack/Mixamo_Adam/Anims/MixamoAnimBP_Adam.MixamoAnimBP_Adam:AnimGraph.AnimGraphNode_StateMachine_6.Default.AnimStateNode_1' missing NodeGuid because of upgrade from old package version, this can cause deterministic cooking issues please resave package.
[2016.05.08-06.10.31:820][  0]LogBlueprint:Warning: Node '/Game/MixamoAnimPack/Mixamo_Adam/Anims/MixamoAnimBP_Adam.MixamoAnimBP_Adam:AnimGraph.AnimGraphNode_StateMachine_6.Default.AnimStateNode_2' missing NodeGuid because of upgrade from old package version, this can cause deterministic cooking issues please resave package.
[2016.05.08-06.10.31:820][  0]LogBlueprint:Warning: Node '/Game/MixamoAnimPack/Mixamo_Adam/Anims/MixamoAnimBP_Adam.MixamoAnimBP_Adam:AnimGraph.AnimGraphNode_StateMachine_6.Default.AnimStateNode_3' missing NodeGuid because of upgrade from old package version, this can cause deterministic cooking issues please resave package.
[2016.05.08-06.10.31:821][  0]LogBlueprint:Warning: Node '/Game/MixamoAnimPack/Mixamo_Adam/Anims/MixamoAnimBP_Adam.MixamoAnimBP_Adam:AnimGraph.AnimGraphNode_StateMachine_6.Default.AnimStateNode_7' missing NodeGuid because of upgrade from old package version, this can cause deterministic cooking issues please resave package.
[2016.05.08-06.10.31:821][  0]LogBlueprint:Warning: Node '/Game/MixamoAnimPack/Mixamo_Adam/Anims/MixamoAnimBP_Adam.MixamoAnimBP_Adam:AnimGraph.AnimGraphNode_StateMachine_6.Default.AnimStateTransitionNode_1' missing NodeGuid because of upgrade from old package version, this can cause deterministic cooking issues please resave package.
[2016.05.08-06.10.31:821][  0]LogBlueprint:Warning: Node '/Game/MixamoAnimPack/Mixamo_Adam/Anims/MixamoAnimBP_Adam.MixamoAnimBP_Adam:AnimGraph.AnimGraphNode_StateMachine_6.Default.AnimStateTransitionNode_12' missing NodeGuid because of upgrade from old package version, this can cause deterministic cooking issues please resave package.
[2016.05.08-06.10.31:821][  0]LogBlueprint:Warning: Node '/Game/MixamoAnimPack/Mixamo_Adam/Anims/MixamoAnimBP_Adam.MixamoAnimBP_Adam:AnimGraph.AnimGraphNode_StateMachine_6.Default.AnimStateTransitionNode_2' missing NodeGuid because of upgrade from old package version, this can cause deterministic cooking issues please resave package.
[2016.05.08-06.10.31:821][  0]LogBlueprint:Warning: Node '/Game/MixamoAnimPack/Mixamo_Adam/Anims/MixamoAnimBP_Adam.MixamoAnimBP_Adam:AnimGraph.AnimGraphNode_StateMachine_6.Default.AnimStateTransitionNode_5' missing NodeGuid because of upgrade from old package version, this can cause deterministic cooking issues please resave package.
[2016.05.08-06.10.31:822][  0]LogBlueprint:Warning: Node '/Game/MixamoAnimPack/Mixamo_Adam/Anims/MixamoAnimBP_Adam.MixamoAnimBP_Adam:AnimGraph.AnimGraphNode_StateMachine_6.Default.AnimStateTransitionNode_6' missing NodeGuid because of upgrade from old package version, this can cause deterministic cooking issues please resave package.
[2016.05.08-06.10.31:822][  0]LogBlueprint:Warning: Node '/Game/MixamoAnimPack/Mixamo_Adam/Anims/MixamoAnimBP_Adam.MixamoAnimBP_Adam:AnimGraph.AnimGraphNode_StateMachine_6.Default.AnimStateTransitionNode_7' missing NodeGuid because of upgrade from old package version, this can cause deterministic cooking issues please resave package.
[2016.05.08-06.10.31:822][  0]LogBlueprint:Warning: Node '/Game/MixamoAnimPack/Mixamo_Adam/Anims/MixamoAnimBP_Adam.MixamoAnimBP_Adam:AnimGraph.AnimGraphNode_StateMachine_6.Default.AnimStateTransitionNode_8' missing NodeGuid because of upgrade from old package version, this can cause deterministic cooking issues please resave package.
[2016.05.08-06.10.31:822][  0]LogBlueprint:Warning: Node '/Game/MixamoAnimPack/Mixamo_Adam/Anims/MixamoAnimBP_Adam.MixamoAnimBP_Adam:EventGraph.EdGraphNode_Comment_19' missing NodeGuid because of upgrade from old package version, this can cause deterministic cooking issues please resave package.
[2016.05.08-06.10.31:822][  0]LogBlueprint:Warning: Node '/Game/MixamoAnimPack/Mixamo_Adam/Anims/MixamoAnimBP_Adam.MixamoAnimBP_Adam:EventGraph.EdGraphNode_Comment_22' missing NodeGuid because of upgrade from old package version, this can cause deterministic cooking issues please resave package.
[2016.05.08-06.10.31:822][  0]LogBlueprint:Warning: Node '/Game/MixamoAnimPack/Mixamo_Adam/Anims/MixamoAnimBP_Adam.MixamoAnimBP_Adam:EventGraph.EdGraphNode_Comment_26' missing NodeGuid because of upgrade from old package version, this can cause deterministic cooking issues please resave package.
[2016.05.08-06.10.31:823][  0]LogBlueprint:Warning: Node '/Game/MixamoAnimPack/Mixamo_Adam/Anims/MixamoAnimBP_Adam.MixamoAnimBP_Adam:AnimGraph.AnimGraphNode_StateMachine_6.Default.AnimStateTransitionNode_12.Transition.K2Node_CallFunction_91451' missing NodeGuid because of upgrade from old package version, this can cause deterministic cooking issues please resave package.
[2016.05.08-06.10.31:824][  0]LogBlueprint:Warning: Node '/Game/MixamoAnimPack/Mixamo_Adam/Anims/MixamoAnimBP_Adam.MixamoAnimBP_Adam:AnimGraph.AnimGraphNode_StateMachine_6.Default.AnimStateTransitionNode_2.Transition.K2Node_CallFunction_11224' missing NodeGuid because of upgrade from old package version, this can cause deterministic cooking issues please resave package.
[2016.05.08-06.10.31:824][  0]LogBlueprint:Warning: Node '/Game/MixamoAnimPack/Mixamo_Adam/Anims/MixamoAnimBP_Adam.MixamoAnimBP_Adam:AnimGraph.AnimGraphNode_StateMachine_6.Default.AnimStateTransitionNode_5.Transition.K2Node_CallFunction_224620' missing NodeGuid because of upgrade from old package version, this can cause deterministic cooking issues please resave package.
[2016.05.08-06.10.31:824][  0]LogBlueprint:Warning: Node '/Game/MixamoAnimPack/Mixamo_Adam/Anims/MixamoAnimBP_Adam.MixamoAnimBP_Adam:AnimGraph.AnimGraphNode_StateMachine_6.Default.AnimStateTransitionNode_5.Transition.K2Node_CallFunction_2831' missing NodeGuid because of upgrade from old package version, this can cause deterministic cooking issues please resave package.
[2016.05.08-06.10.31:824][  0]LogBlueprint:Warning: Node '/Game/MixamoAnimPack/Mixamo_Adam/Anims/MixamoAnimBP_Adam.MixamoAnimBP_Adam:AnimGraph.AnimGraphNode_StateMachine_6.Default.AnimStateTransitionNode_6.AnimationTransitionGraph_65.K2Node_CallFunction_92056' missing NodeGuid because of upgrade from old package version, this can cause deterministic cooking issues please resave package.
[2016.05.08-06.10.31:824][  0]LogBlueprint:Warning: Node '/Game/MixamoAnimPack/Mixamo_Adam/Anims/MixamoAnimBP_Adam.MixamoAnimBP_Adam:AnimGraph.AnimGraphNode_StateMachine_6.Default.AnimStateTransitionNode_7.Transition.K2Node_CallFunction_225505' missing NodeGuid because of upgrade from old package version, this can cause deterministic cooking issues please resave package.
[2016.05.08-06.10.31:825][  0]LogBlueprint:Warning: Node '/Game/MixamoAnimPack/Mixamo_Adam/Anims/MixamoAnimBP_Adam.MixamoAnimBP_Adam:CanJump.K2Node_CallFunction_102548' missing NodeGuid because of upgrade from old package version, this can cause deterministic cooking issues please resave package.
[2016.05.08-06.10.31:825][  0]LogBlueprint:Warning: Node '/Game/MixamoAnimPack/Mixamo_Adam/Anims/MixamoAnimBP_Adam.MixamoAnimBP_Adam:EventGraph.K2Node_CallFunction_108580' missing NodeGuid because of upgrade from old package version, this can cause deterministic cooking issues please resave package.
[2016.05.08-06.10.31:825][  0]LogBlueprint:Warning: Node '/Game/MixamoAnimPack/Mixamo_Adam/Anims/MixamoAnimBP_Adam.MixamoAnimBP_Adam:EventGraph.K2Node_CallFunction_162498' missing NodeGuid because of upgrade from old package version, this can cause deterministic cooking issues please resave package.
[2016.05.08-06.10.31:826][  0]LogBlueprint:Warning: Node '/Game/MixamoAnimPack/Mixamo_Adam/Anims/MixamoAnimBP_Adam.MixamoAnimBP_Adam:EventGraph.K2Node_CallFunction_169492' missing NodeGuid because of upgrade from old package version, this can cause deterministic cooking issues please resave package.
[2016.05.08-06.10.31:826][  0]LogBlueprint:Warning: Node '/Game/MixamoAnimPack/Mixamo_Adam/Anims/MixamoAnimBP_Adam.MixamoAnimBP_Adam:EventGraph.K2Node_CallFunction_227144' missing NodeGuid because of upgrade from old package version, this can cause deterministic cooking issues please resave package.
[2016.05.08-06.10.31:826][  0]LogBlueprint:Warning: Node '/Game/MixamoAnimPack/Mixamo_Adam/Anims/MixamoAnimBP_Adam.MixamoAnimBP_Adam:EventGraph.K2Node_CallFunction_29781' missing NodeGuid because of upgrade from old package version, this can cause deterministic cooking issues please resave package.
[2016.05.08-06.10.31:826][  0]LogBlueprint:Warning: Node '/Game/MixamoAnimPack/Mixamo_Adam/Anims/MixamoAnimBP_Adam.MixamoAnimBP_Adam:EventGraph.K2Node_CallFunction_29886' missing NodeGuid because of upgrade from old package version, this can cause deterministic cooking issues please resave package.
[2016.05.08-06.10.31:826][  0]LogBlueprint:Warning: Node '/Game/MixamoAnimPack/Mixamo_Adam/Anims/MixamoAnimBP_Adam.MixamoAnimBP_Adam:EventGraph.K2Node_CallFunction_45546' missing NodeGuid because of upgrade from old package version, this can cause deterministic cooking issues please resave package.
[2016.05.08-06.10.31:827][  0]LogBlueprint:Warning: Node '/Game/MixamoAnimPack/Mixamo_Adam/Anims/MixamoAnimBP_Adam.MixamoAnimBP_Adam:EventGraph.K2Node_CallFunction_45889' missing NodeGuid because of upgrade from old package version, this can cause deterministic cooking issues please resave package.
[2016.05.08-06.10.31:827][  0]LogBlueprint:Warning: Node '/Game/MixamoAnimPack/Mixamo_Adam/Anims/MixamoAnimBP_Adam.MixamoAnimBP_Adam:AnimGraph.AnimGraphNode_StateMachine_6.Default.AnimStateTransitionNode_2.Transition.K2Node_CommutativeAssociativeBinaryOperator_211' missing NodeGuid because of upgrade from old package version, this can cause deterministic cooking issues please resave package.
[2016.05.08-06.10.31:827][  0]LogBlueprint:Warning: Node '/Game/MixamoAnimPack/Mixamo_Adam/Anims/MixamoAnimBP_Adam.MixamoAnimBP_Adam:AnimGraph.AnimGraphNode_StateMachine_6.Default.AnimStateTransitionNode_5.Transition.K2Node_CommutativeAssociativeBinaryOperator_77' missing NodeGuid because of upgrade from old package version, this can cause deterministic cooking issues please resave package.
[2016.05.08-06.10.31:827][  0]LogBlueprint:Warning: Node '/Game/MixamoAnimPack/Mixamo_Adam/Anims/MixamoAnimBP_Adam.MixamoAnimBP_Adam:CanJump.K2Node_CommutativeAssociativeBinaryOperator_2253' missing NodeGuid because of upgrade from old package version, this can cause deterministic cooking issues please resave package.
[2016.05.08-06.10.31:827][  0]LogBlueprint:Warning: Node '/Game/MixamoAnimPack/Mixamo_Adam/Anims/MixamoAnimBP_Adam.MixamoAnimBP_Adam:EventGraph.K2Node_CommutativeAssociativeBinaryOperator_521' missing NodeGuid because of upgrade from old package version, this can cause deterministic cooking issues please resave package.
[2016.05.08-06.10.31:828][  0]LogBlueprint:Warning: Node '/Game/MixamoAnimPack/Mixamo_Adam/Anims/MixamoAnimBP_Adam.MixamoAnimBP_Adam:EventGraph.K2Node_DynamicCast_120' missing NodeGuid because of upgrade from old package version, this can cause deterministic cooking issues please resave package.
[2016.05.08-06.10.31:828][  0]LogBlueprint:Warning: Node '/Game/MixamoAnimPack/Mixamo_Adam/Anims/MixamoAnimBP_Adam.MixamoAnimBP_Adam:EventGraph.K2Node_DynamicCast_127' missing NodeGuid because of upgrade from old package version, this can cause deterministic cooking issues please resave package.
[2016.05.08-06.10.31:828][  0]LogBlueprint:Warning: Node '/Game/MixamoAnimPack/Mixamo_Adam/Anims/MixamoAnimBP_Adam.MixamoAnimBP_Adam:EventGraph.K2Node_DynamicCast_99' missing NodeGuid because of upgrade from old package version, this can cause deterministic cooking issues please resave package.
[2016.05.08-06.10.31:828][  0]LogBlueprint:Warning: Node '/Game/MixamoAnimPack/Mixamo_Adam/Anims/MixamoAnimBP_Adam.MixamoAnimBP_Adam:EventGraph.K2Node_Event_1003' missing NodeGuid because of upgrade from old package version, this can cause deterministic cooking issues please resave package.
[2016.05.08-06.10.31:828][  0]LogBlueprint:Warning: Node '/Game/MixamoAnimPack/Mixamo_Adam/Anims/MixamoAnimBP_Adam.MixamoAnimBP_Adam:EventGraph.K2Node_Event_2429' missing NodeGuid because of upgrade from old package version, this can cause deterministic cooking issues please resave package.
[2016.05.08-06.10.31:828][  0]LogBlueprint:Warning: Node '/Game/MixamoAnimPack/Mixamo_Adam/Anims/MixamoAnimBP_Adam.MixamoAnimBP_Adam:EventGraph.K2Node_Event_85' missing NodeGuid because of upgrade from old package version, this can cause deterministic cooking issues please resave package.
[2016.05.08-06.10.31:829][  0]LogBlueprint:Warning: Node '/Game/MixamoAnimPack/Mixamo_Adam/Anims/MixamoAnimBP_Adam.MixamoAnimBP_Adam:EventGraph.K2Node_ExecutionSequence_180' missing NodeGuid because of upgrade from old package version, this can cause deterministic cooking issues please resave package.
[2016.05.08-06.10.31:829][  0]LogBlueprint:Warning: Node '/Game/MixamoAnimPack/Mixamo_Adam/Anims/MixamoAnimBP_Adam.MixamoAnimBP_Adam:CanJump.K2Node_FunctionEntry_139' missing NodeGuid because of upgrade from old package version, this can cause deterministic cooking issues please resave package.
[2016.05.08-06.10.31:829][  0]LogBlueprint:Warning: Node '/Game/MixamoAnimPack/Mixamo_Adam/Anims/MixamoAnimBP_Adam.MixamoAnimBP_Adam:CanJump.K2Node_FunctionResult_0' missing NodeGuid because of upgrade from old package version, this can cause deterministic cooking issues please resave package.
[2016.05.08-06.10.31:829][  0]LogBlueprint:Warning: Node '/Game/MixamoAnimPack/Mixamo_Adam/Anims/MixamoAnimBP_Adam.MixamoAnimBP_Adam:EventGraph.K2Node_IfThenElse_332' missing NodeGuid because of upgrade from old package version, this can cause deterministic cooking issues please resave package.
[2016.05.08-06.10.31:829][  0]LogBlueprint:Warning: Node '/Game/MixamoAnimPack/Mixamo_Adam/Anims/MixamoAnimBP_Adam.MixamoAnimBP_Adam:EventGraph.K2Node_IfThenElse_413' missing NodeGuid because of upgrade from old package version, this can cause deterministic cooking issues please resave package.
[2016.05.08-06.10.31:829][  0]LogBlueprint:Warning: Node '/Game/MixamoAnimPack/Mixamo_Adam/Anims/MixamoAnimBP_Adam.MixamoAnimBP_Adam:AnimGraph.AnimGraphNode_StateMachine_6.Default.AnimStateTransitionNode_12.Transition.K2Node_TransitionRuleGetter_8' missing NodeGuid because of upgrade from old package version, this can cause deterministic cooking issues please resave package.
[2016.05.08-06.10.31:829][  0]LogBlueprint:Warning: Node '/Game/MixamoAnimPack/Mixamo_Adam/Anims/MixamoAnimBP_Adam.MixamoAnimBP_Adam:AnimGraph.AnimGraphNode_StateMachine_6.Default.AnimStateTransitionNode_6.AnimationTransitionGraph_65.K2Node_TransitionRuleGetter_17' missing NodeGuid because of upgrade from old package version, this can cause deterministic cooking issues please resave package.
[2016.05.08-06.10.31:829][  0]LogBlueprint:Warning: Node '/Game/MixamoAnimPack/Mixamo_Adam/Anims/MixamoAnimBP_Adam.MixamoAnimBP_Adam:AnimGraph.AnimGraphNode_StateMachine_6.Default.AnimStateTransitionNode_6.AnimationTransitionGraph_65.K2Node_TransitionRuleGetter_182' missing NodeGuid because of upgrade from old package version, this can cause deterministic cooking issues please resave package.
[2016.05.08-06.10.31:830][  0]LogBlueprint:Warning: Node '/Game/MixamoAnimPack/Mixamo_Adam/Anims/MixamoAnimBP_Adam.MixamoAnimBP_Adam:AnimGraph.AnimGraphNode_StateMachine_6.Default.AnimStateNode_1.Locomotion/Idle.K2Node_VariableGet_589' missing NodeGuid because of upgrade from old package version, this can cause deterministic cooking issues please resave package.
[2016.05.08-06.10.31:830][  0]LogBlueprint:Warning: Node '/Game/MixamoAnimPack/Mixamo_Adam/Anims/MixamoAnimBP_Adam.MixamoAnimBP_Adam:AnimGraph.AnimGraphNode_StateMachine_6.Default.AnimStateTransitionNode_1.Transition.K2Node_VariableGet_208' missing NodeGuid because of upgrade from old package version, this can cause deterministic cooking issues please resave package.
[2016.05.08-06.10.31:830][  0]LogBlueprint:Warning: Node '/Game/MixamoAnimPack/Mixamo_Adam/Anims/MixamoAnimBP_Adam.MixamoAnimBP_Adam:AnimGraph.AnimGraphNode_StateMachine_6.Default.AnimStateTransitionNode_2.Transition.K2Node_VariableGet_125' missing NodeGuid because of upgrade from old package version, this can cause deterministic cooking issues please resave package.
[2016.05.08-06.10.31:830][  0]LogBlueprint:Warning: Node '/Game/MixamoAnimPack/Mixamo_Adam/Anims/MixamoAnimBP_Adam.MixamoAnimBP_Adam:AnimGraph.AnimGraphNode_StateMachine_6.Default.AnimStateTransitionNode_2.Transition.K2Node_VariableGet_129' missing NodeGuid because of upgrade from old package version, this can cause deterministic cooking issues please resave package.
[2016.05.08-06.10.31:830][  0]LogBlueprint:Warning: Node '/Game/MixamoAnimPack/Mixamo_Adam/Anims/MixamoAnimBP_Adam.MixamoAnimBP_Adam:AnimGraph.AnimGraphNode_StateMachine_6.Default.AnimStateTransitionNode_5.Transition.K2Node_VariableGet_1066' missing NodeGuid because of upgrade from old package version, this can cause deterministic cooking issues please resave package.
[2016.05.08-06.10.31:830][  0]LogBlueprint:Warning: Node '/Game/MixamoAnimPack/Mixamo_Adam/Anims/MixamoAnimBP_Adam.MixamoAnimBP_Adam:AnimGraph.AnimGraphNode_StateMachine_6.Default.AnimStateTransitionNode_5.Transition.K2Node_VariableGet_74' missing NodeGuid because of upgrade from old package version, this can cause deterministic cooking issues please resave package.
[2016.05.08-06.10.31:830][  0]LogBlueprint:Warning: Node '/Game/MixamoAnimPack/Mixamo_Adam/Anims/MixamoAnimBP_Adam.MixamoAnimBP_Adam:AnimGraph.AnimGraphNode_StateMachine_6.Default.AnimStateTransitionNode_7.Transition.K2Node_VariableGet_1084' missing NodeGuid because of upgrade from old package version, this can cause deterministic cooking issues please resave package.
[2016.05.08-06.10.31:830][  0]LogBlueprint:Warning: Node '/Game/MixamoAnimPack/Mixamo_Adam/Anims/MixamoAnimBP_Adam.MixamoAnimBP_Adam:AnimGraph.AnimGraphNode_StateMachine_6.Default.AnimStateTransitionNode_8.Transition.K2Node_VariableGet_624' missing NodeGuid because of upgrade from old package version, this can cause deterministic cooking issues please resave package.
[2016.05.08-06.10.31:831][  0]LogBlueprint:Warning: Node '/Game/MixamoAnimPack/Mixamo_Adam/Anims/MixamoAnimBP_Adam.MixamoAnimBP_Adam:CanJump.K2Node_VariableGet_2488' missing NodeGuid because of upgrade from old package version, this can cause deterministic cooking issues please resave package.
[2016.05.08-06.10.31:831][  0]LogBlueprint:Warning: Node '/Game/MixamoAnimPack/Mixamo_Adam/Anims/MixamoAnimBP_Adam.MixamoAnimBP_Adam:EventGraph.K2Node_VariableGet_1007' missing NodeGuid because of upgrade from old package version, this can cause deterministic cooking issues please resave package.
[2016.05.08-06.10.31:831][  0]LogBlueprint:Warning: Node '/Game/MixamoAnimPack/Mixamo_Adam/Anims/MixamoAnimBP_Adam.MixamoAnimBP_Adam:EventGraph.K2Node_VariableGet_1157' missing NodeGuid because of upgrade from old package version, this can cause deterministic cooking issues please resave package.
[2016.05.08-06.10.31:831][  0]LogBlueprint:Warning: Node '/Game/MixamoAnimPack/Mixamo_Adam/Anims/MixamoAnimBP_Adam.MixamoAnimBP_Adam:EventGraph.K2Node_VariableGet_3156' missing NodeGuid because of upgrade from old package version, this can cause deterministic cooking issues please resave package.
[2016.05.08-06.10.31:831][  0]LogBlueprint:Warning: Node '/Game/MixamoAnimPack/Mixamo_Adam/Anims/MixamoAnimBP_Adam.MixamoAnimBP_Adam:EventGraph.K2Node_VariableSet_1402' missing NodeGuid because of upgrade from old package version, this can cause deterministic cooking issues please resave package.
[2016.05.08-06.10.31:831][  0]LogBlueprint:Warning: Node '/Game/MixamoAnimPack/Mixamo_Adam/Anims/MixamoAnimBP_Adam.MixamoAnimBP_Adam:EventGraph.K2Node_VariableSet_2289' missing NodeGuid because of upgrade from old package version, this can cause deterministic cooking issues please resave package.
[2016.05.08-06.10.31:831][  0]LogBlueprint:Warning: Node '/Game/MixamoAnimPack/Mixamo_Adam/Anims/MixamoAnimBP_Adam.MixamoAnimBP_Adam:EventGraph.K2Node_VariableSet_2465' missing NodeGuid because of upgrade from old package version, this can cause deterministic cooking issues please resave package.
[2016.05.08-06.10.31:831][  0]LogBlueprint:Warning: Node '/Game/MixamoAnimPack/Mixamo_Adam/Anims/MixamoAnimBP_Adam.MixamoAnimBP_Adam:EventGraph.K2Node_VariableSet_74' missing NodeGuid because of upgrade from old package version, this can cause deterministic cooking issues please resave package.
[2016.05.08-06.10.32:643][  0]LogAIModule: Creating AISystem for world orbit
[2016.05.08-06.10.33:424][  0]LogEditorServer: Finished looking for orphan Actors (0.008 secs)
[2016.05.08-06.10.33:506][  0]Cmd: MAP CHECKDEP NOCLEARLOG
[2016.05.08-06.10.33:696][  0]MapCheck: Info Map check complete: 0 Error(s), 0 Warning(s), took 189.47ms to complete.
[2016.05.08-06.10.33:696][  0]LogFileHelpers: Loading map 'orbit' took 13.709
[2016.05.08-06.10.35:807][  0]LogCollectionManager: Loaded 0 collections in 0.001903 seconds
[2016.05.08-06.10.35:984][  0]LogFileCache: Scanning file cache for directory 'C:/Users/Tim/Documents/Unreal Projects/SassC/Saved/Collections/' took 0.01s
[2016.05.08-06.10.35:984][  0]LogFileCache: Scanning file cache for directory 'C:/Users/Tim/Documents/Unreal Projects/SassC/Content/Developers/Tim/Collections/' took 0.01s
[2016.05.08-06.10.35:985][  0]LogFileCache: Scanning file cache for directory 'C:/Users/Tim/Documents/Unreal Projects/SassC/Content/Collections/' took 0.01s
[2016.05.08-06.10.35:985][  0]LogCollectionManager: Rebuilt the GUID cache for 0 collections in 0.000009 seconds
[2016.05.08-06.10.36:023][  0]LogContentBrowser: Native class hierarchy populated in 0.0362 seconds. Added 1979 classes and 343 folders.
[2016.05.08-06.10.36:176][  0]LogStats: UGameplayTagsManager::ConstructGameplayTagTree: Construct from data asset -  0.010 s
[2016.05.08-06.10.36:177][  0]LogStats: UGameplayTagsManager::ConstructGameplayTagTree: GameplayTagTreeChangedEvent.Broadcast -  0.000 s
[2016.05.08-06.10.36:192][  0]LogContentBrowser: Native class hierarchy updated for 'GameplayTags' in 0.0022 seconds. Added 12 classes and 0 folders.
[2016.05.08-06.10.36:214][  0]LogContentBrowser: Native class hierarchy updated for 'WidgetCarousel' in 0.0021 seconds. Added 0 classes and 0 folders.
[2016.05.08-06.10.36:446][  0]LogContentBrowser: Native class hierarchy updated for 'SuperSearch' in 0.0022 seconds. Added 1 classes and 2 folders.
[2016.05.08-06.10.37:344][  0]LogContentBrowser: Native class hierarchy updated for 'AddContentDialog' in 0.0034 seconds. Added 0 classes and 0 folders.
[2016.05.08-06.10.37:542][  0]LogContentBrowser: Native class hierarchy updated for 'SceneOutliner' in 0.0025 seconds. Added 1 classes and 2 folders.
[2016.05.08-06.10.38:192][  0]LogCrashTracker: Crashtracker disabled due to settings.
[2016.05.08-06.10.38:467][  0]LogUObjectGlobals:Warning: Failed to find object 'Class None.'
[2016.05.08-06.10.38:695][  0]LogContentBrowser: Native class hierarchy updated for 'HierarchicalLODOutliner' in 0.0035 seconds. Added 1 classes and 2 folders.
[2016.05.08-06.10.38:695][  0]LogLoad: Full Startup: 96.66 seconds (BP compile: 3.95 seconds)
[2016.05.08-06.10.38:695][  0]LogExternalProfiler:Warning: No registered external profiler was matched with a command-line switch (or the DLL could not be loaded).  External profiling features will not be available.
[2016.05.08-06.10.38:799][  0]LogOcInput: OculusInput pre-init called
[2016.05.08-06.10.39:674][  0]LogContentStreaming: Texture pool size now 1000 MB
[2016.05.08-06.10.41:561][  0]LogRenderer: Reallocating scene render targets to support 1208x600 (Frame:2).
[2016.05.08-06.10.42:786][  4]LogAssetRegistry: Asset discovery search completed in 55.7604 seconds
[2016.05.08-06.10.42:787][  4]LogCollectionManager: Rebuilt the object cache for 0 collections in 0.000002 seconds (found 0 objects)
[2016.05.08-06.10.42:787][  4]LogCollectionManager: Fixed up redirectors for 0 collections in 0.000722 seconds (updated 0 objects)
[2016.05.08-06.10.55:419][122]LogEditorViewport: Clicking on Actor (LMB): StaticMeshActor (sa_orbit_WALLS)
[2016.05.08-06.10.56:125][122]LogEditorViewport: Clicking on Actor (LMB): StaticMeshActor (sa_orbit_WALLS)
[2016.05.08-06.10.56:675][125]LogEditorViewport: Clicking on Actor (context menu): StaticMeshActor (sa_orbit_WALLS)
[2016.05.08-06.10.58:084][219]LogEditorViewport: Clicking on Actor (LMB): StaticMeshActor (sa_orbit_WALLS)
[2016.05.08-06.10.59:485][343]LogEditorViewport: Clicking on Actor (context menu): BP_Sky_Sphere_C (Sky Sphere)
[2016.05.08-06.12.18:754][632]SourceControl: Info Source control is disabled
[2016.05.08-06.13.34:573][794]LogDirectoryWatcher:Warning: Failed to begin reading directory changes for C:/Users/Tim/Documents/Unreal Projects/SassC/Plugins/. Error: The operation completed successfully. (0x00000000)
[2016.05.08-06.15.48:299][808]Cmd: CLOSE_SLATE_MAINFRAME
[2016.05.08-06.15.48:330][808]LogActorComponent: UnregisterComponent: (/Engine/Transient.CharMoveComp) Not registered. Aborting.
[2016.05.08-06.15.49:105][808]LogWindowsTextInputMethodSystem:Display: IME system now deactivated.
[2016.05.08-06.15.49:800][809]Cmd: QUIT_EDITOR
[2016.05.08-06.15.50:604][809]LogExit: Preparing to exit.
[2016.05.08-06.15.53:580][809]LogExit: Editor shut down
[2016.05.08-06.15.53:582][809]LogExit: Transaction tracking system shut down
[2016.05.08-06.15.55:719][809]LogObj: Freed 0b from 0 cluster array pools.
[2016.05.08-06.15.55:720][809]LogExit: Object subsystem successfully closed.
[2016.05.08-06.15.55:940][809]LogD3D11RHI: Shutdown
[2016.05.08-06.15.55:941][809]LogD3D11RHI: CleanupD3DDevice
[2016.05.08-06.15.56:063][809]LogD3D11RHI: ~FD3D11DynamicRHI
[2016.05.08-06.15.56:141][809]LogDerivedDataCache: Shutdown
[2016.05.08-06.15.56:829][809]LogModuleManager: Shutting down and abandoning module ExternalImagePicker (201)
[2016.05.08-06.15.56:837][809]LogModuleManager: Shutting down and abandoning module HierarchicalLODOutliner (200)
[2016.05.08-06.15.56:852][809]LogModuleManager: Shutting down and abandoning module CrashTracker (199)
[2016.05.08-06.15.56:852][809]LogModuleManager: Shutting down and abandoning module SceneOutliner (198)
[2016.05.08-06.15.56:861][809]LogModuleManager: Shutting down and abandoning module SuperSearch (197)
[2016.05.08-06.15.56:861][809]LogModuleManager: Shutting down and abandoning module WidgetCarousel (196)
[2016.05.08-06.15.56:861][809]LogModuleManager: Shutting down and abandoning module AddContentDialog (195)
[2016.05.08-06.15.56:894][809]LogModuleManager: Shutting down and abandoning module GameplayTags (194)
[2016.05.08-06.15.56:894][809]LogModuleManager: Shutting down and abandoning module EditorWidgets (193)
[2016.05.08-06.15.56:894][809]LogModuleManager: Shutting down and abandoning module CollectionManager (192)
[2016.05.08-06.15.56:906][809]LogModuleManager: Shutting down and abandoning module StatsViewer (191)
[2016.05.08-06.15.56:929][809]LogModuleManager: Shutting down and abandoning module FoliageEdit (190)
[2016.05.08-06.15.56:930][809]LogModuleManager: Shutting down and abandoning module LandscapeEditor (189)
[2016.05.08-06.15.56:956][809]LogModuleManager: Shutting down and abandoning module ActorPickerMode (188)
[2016.05.08-06.15.56:956][809]LogModuleManager: Shutting down and abandoning module GeometryMode (187)
[2016.05.08-06.15.56:956][809]LogModuleManager: Shutting down and abandoning module TextureAlignMode (186)
[2016.05.08-06.15.56:956][809]LogModuleManager: Shutting down and abandoning module BspMode (185)
[2016.05.08-06.15.56:956][809]LogModuleManager: Shutting down and abandoning module PlacementMode (184)
[2016.05.08-06.15.56:956][809]LogModuleManager: Shutting down and abandoning module AutomationWorker (183)
[2016.05.08-06.15.56:968][809]LogModuleManager: Shutting down and abandoning module CharacterAI (182)
[2016.05.08-06.15.56:968][809]LogModuleManager: Shutting down and abandoning module SmartSnapping (181)
[2016.05.08-06.15.56:968][809]LogModuleManager: Shutting down and abandoning module ViewportSnapping (180)
[2016.05.08-06.15.56:968][809]LogModuleManager: Shutting down and abandoning module LogVisualizer (179)
[2016.05.08-06.15.57:012][809]LogModuleManager: Shutting down and abandoning module GameProjectGeneration (178)
[2016.05.08-06.15.57:037][809]LogModuleManager: Shutting down and abandoning module IntroTutorials (177)
[2016.05.08-06.15.57:050][809]LogModuleManager: Shutting down and abandoning module EditorLiveStreaming (176)
[2016.05.08-06.15.57:050][809]LogModuleManager: Shutting down and abandoning module IOSPlatformEditor (175)
[2016.05.08-06.15.57:069][809]LogModuleManager: Shutting down and abandoning module HTML5PlatformEditor (174)
[2016.05.08-06.15.57:069][809]LogModuleManager: Shutting down and abandoning module AndroidDeviceDetection (173)
[2016.05.08-06.15.57:151][809]LogModuleManager: Shutting down and abandoning module AndroidPlatformEditor (172)
[2016.05.08-06.15.57:151][809]LogModuleManager: Shutting down and abandoning module IOSRuntimeSettings (171)
[2016.05.08-06.15.57:151][809]LogModuleManager: Shutting down and abandoning module AndroidRuntimeSettings (170)
[2016.05.08-06.15.57:151][809]LogModuleManager: Shutting down and abandoning module MergeActors (169)
[2016.05.08-06.15.57:170][809]LogModuleManager: Shutting down and abandoning module SizeMap (168)
[2016.05.08-06.15.57:178][809]LogModuleManager: Shutting down and abandoning module TreeMap (167)
[2016.05.08-06.15.57:184][809]LogModuleManager: Shutting down and abandoning module ReferenceViewer (166)
[2016.05.08-06.15.57:192][809]LogModuleManager: Shutting down and abandoning module LocalizationService (165)
[2016.05.08-06.15.57:193][809]LogModuleManager: Shutting down and abandoning module LocalizationDashboard (164)
[2016.05.08-06.15.57:205][809]LogModuleManager: Shutting down and abandoning module HardwareTargeting (163)
[2016.05.08-06.15.57:205][809]LogModuleManager: Shutting down and abandoning module DeviceProfileEditor (162)
[2016.05.08-06.15.57:219][809]LogModuleManager: Shutting down and abandoning module UndoHistory (161)
[2016.05.08-06.15.57:232][809]LogModuleManager: Shutting down and abandoning module UserFeedback (160)
[2016.05.08-06.15.57:233][809]LogModuleManager: Shutting down and abandoning module XmlParser (159)
[2016.05.08-06.15.57:243][809]LogModuleManager: Shutting down and abandoning module Blutility (158)
[2016.05.08-06.15.57:253][809]LogModuleManager: Shutting down and abandoning module ProjectTargetPlatformEditor (157)
[2016.05.08-06.15.57:254][809]LogModuleManager: Shutting down and abandoning module ProjectSettingsViewer (156)
[2016.05.08-06.15.57:254][809]LogModuleManager: Shutting down and abandoning module InputBindingEditor (155)
[2016.05.08-06.15.57:281][809]LogModuleManager: Shutting down and abandoning module EditorSettingsViewer (154)
[2016.05.08-06.15.57:281][809]LogModuleManager: Shutting down and abandoning module SettingsEditor (153)
[2016.05.08-06.15.57:296][809]LogModuleManager: Shutting down and abandoning module ProjectLauncher (152)
[2016.05.08-06.15.57:315][809]LogModuleManager: Shutting down and abandoning module SessionFrontend (151)
[2016.05.08-06.15.57:331][809]LogModuleManager: Shutting down and abandoning module ProfilerClient (150)
[2016.05.08-06.15.57:340][809]LogModuleManager: Shutting down and abandoning module TargetDeviceServices (149)
[2016.05.08-06.15.57:345][809]LogModuleManager: Shutting down and abandoning module DeviceManager (148)
[2016.05.08-06.15.57:400][809]LogModuleManager: Shutting down and abandoning module AutomationController (147)
[2016.05.08-06.15.57:419][809]LogModuleManager: Shutting down and abandoning module AutomationWindow (146)
[2016.05.08-06.15.57:435][809]LogModuleManager: Shutting down and abandoning module Layers (145)
[2016.05.08-06.15.57:451][809]LogModuleManager: Shutting down and abandoning module ComponentVisualizers (144)
[2016.05.08-06.15.57:451][809]LogModuleManager: Shutting down and abandoning module DetailCustomizations (143)
[2016.05.08-06.15.57:468][809]LogModuleManager: Shutting down and abandoning module PackagesDialog (142)
[2016.05.08-06.15.57:483][809]LogModuleManager: Shutting down and abandoning module Persona (141)
[2016.05.08-06.15.57:512][809]LogModuleManager: Shutting down and abandoning module Kismet (140)
[2016.05.08-06.15.57:531][809]LogModuleManager: Shutting down and abandoning module GraphEditor (139)
[2016.05.08-06.15.57:568][809]LogModuleManager: Shutting down and abandoning module ClassViewer (138)
[2016.05.08-06.15.57:583][809]LogModuleManager: Shutting down and abandoning module Toolbox (137)
[2016.05.08-06.15.57:592][809]LogModuleManager: Shutting down and abandoning module ModuleUI (136)
[2016.05.08-06.15.57:604][809]LogModuleManager: Shutting down and abandoning module MovieSceneTools (135)
[2016.05.08-06.15.57:624][809]LogModuleManager: Shutting down and abandoning module OutputLog (134)
[2016.05.08-06.15.57:638][809]LogModuleManager: Shutting down and abandoning module GammaUI (133)
[2016.05.08-06.15.57:649][809]LogModuleManager: Shutting down and abandoning module Documentation (132)
[2016.05.08-06.15.57:649][809]LogModuleManager: Shutting down and abandoning module StreamingPauseRendering (131)
[2016.05.08-06.15.57:649][809]LogModuleManager: Shutting down and abandoning module AnalyticsET (130)
[2016.05.08-06.15.57:649][809]LogModuleManager: Shutting down and abandoning module Analytics (129)
[2016.05.08-06.15.57:649][809]LogModuleManager: Shutting down and abandoning module PortalServices (128)
[2016.05.08-06.15.57:650][809]LogModuleManager: Shutting down and abandoning module PortalRpc (127)
[2016.05.08-06.15.57:650][809]LogModuleManager: Shutting down and abandoning module MessagingRpc (126)
[2016.05.08-06.15.57:650][809]LogModuleManager: Shutting down and abandoning module AITestSuite (125)
[2016.05.08-06.15.57:655][809]LogModuleManager: Shutting down and abandoning module GameplayDebugger (124)
[2016.05.08-06.15.57:655][809]LogModuleManager: Shutting down and abandoning module AIModule (123)
[2016.05.08-06.15.57:655][809]LogModuleManager: Shutting down and abandoning module ProfilerService (122)
[2016.05.08-06.15.57:715][809]LogModuleManager: Shutting down and abandoning module TaskGraph (121)
[2016.05.08-06.15.57:738][809]LogModuleManager: Shutting down and abandoning module SlateRemote (120)
[2016.05.08-06.15.57:738][809]LogModuleManager: Shutting down and abandoning module SteamVRController (119)
[2016.05.08-06.15.57:738][809]LogModuleManager: Shutting down and abandoning module SteamVR (118)
[2016.05.08-06.15.57:738][809]LogModuleManager: Shutting down and abandoning module ProceduralMeshComponent (117)
[2016.05.08-06.15.57:738][809]LogModuleManager: Shutting down and abandoning module OculusLibrary (116)
[2016.05.08-06.15.57:738][809]LogModuleManager: Shutting down and abandoning module OculusInput (115)
[2016.05.08-06.15.57:738][809]LogModuleManager: Shutting down and abandoning module CustomMeshComponent (114)
[2016.05.08-06.15.57:738][809]LogModuleManager: Shutting down and abandoning module CableComponent (113)
[2016.05.08-06.15.57:739][809]LogModuleManager: Shutting down and abandoning module ArchVisCharacter (112)
[2016.05.08-06.15.57:739][809]LogModuleManager: Shutting down and abandoning module MediaPlayerEditor (111)
[2016.05.08-06.15.57:767][809]LogModuleManager: Shutting down and abandoning module HTML5Networking (110)
[2016.05.08-06.15.57:767][809]LogModuleManager: Shutting down and abandoning module SpeedTreeImporter (109)
[2016.05.08-06.15.57:767][809]LogModuleManager: Shutting down and abandoning module PluginBrowser (108)
[2016.05.08-06.15.57:767][809]LogModuleManager: Shutting down and abandoning module EpicSurvey (107)
[2016.05.08-06.15.57:778][809]LogModuleManager: Shutting down and abandoning module DesktopPlatform (106)
[2016.05.08-06.15.57:790][809]LogModuleManager: Shutting down and abandoning module VisualStudioSourceCodeAccess (105)
[2016.05.08-06.15.57:795][809]LogModuleManager: Shutting down and abandoning module UObjectPlugin (104)
[2016.05.08-06.15.57:796][809]LogModuleManager: Shutting down and abandoning module SubversionSourceControl (103)
[2016.05.08-06.15.57:812][809]LogModuleManager: Shutting down and abandoning module PerforceSourceControl (102)
[2016.05.08-06.15.57:832][809]LogModuleManager: Shutting down and abandoning module SourceControl (101)
[2016.05.08-06.15.57:839][809]LogModuleManager: Shutting down and abandoning module GitSourceControl (100)
[2016.05.08-06.15.57:840][809]LogModuleManager: Shutting down and abandoning module LightPropagationVolumeEditor (99)
[2016.05.08-06.15.57:840][809]LogModuleManager: Shutting down and abandoning module PaperTiledImporter (98)
[2016.05.08-06.15.57:847][809]LogModuleManager: Shutting down and abandoning module PaperSpriteSheetImporter (97)
[2016.05.08-06.15.57:847][809]LogModuleManager: Shutting down and abandoning module MeshPaint (96)
[2016.05.08-06.15.57:858][809]LogModuleManager: Shutting down and abandoning module HotReload (95)
[2016.05.08-06.15.57:887][809]LogModuleManager: Shutting down and abandoning module MainFrame (94)
[2016.05.08-06.15.57:887][809]LogModuleManager: Shutting down and abandoning module LevelEditor (93)
[2016.05.08-06.15.57:889][809]LogModuleManager: Shutting down and abandoning module DirectoryWatcher (92)
[2016.05.08-06.15.57:895][809]LogModuleManager: Shutting down and abandoning module AssetRegistry (91)
[2016.05.08-06.15.58:165][809]LogModuleManager: Shutting down and abandoning module ContentBrowser (90)
[2016.05.08-06.15.58:177][809]LogModuleManager: Shutting down and abandoning module Paper2DEditor (89)
[2016.05.08-06.15.58:188][809]LogModuleManager: Shutting down and abandoning module SassC (88)
[2016.05.08-06.15.58:189][809]LogModuleManager: Shutting down and abandoning module UdpMessaging (87)
[2016.05.08-06.15.58:289][809]LogModuleManager: Shutting down and abandoning module LightPropagationVolumeRuntime (86)
[2016.05.08-06.15.58:289][809]LogModuleManager: Shutting down and abandoning module Paper2D (85)
[2016.05.08-06.15.58:301][809]LogModuleManager: Shutting down and abandoning module WindowsMoviePlayer (84)
[2016.05.08-06.15.58:315][809]LogModuleManager: Shutting down and abandoning module Media (83)
[2016.05.08-06.15.58:315][809]LogModuleManager: Shutting down and abandoning module WmfMedia (82)
[2016.05.08-06.15.58:326][809]LogModuleManager: Shutting down and abandoning module MediaAssets (81)
[2016.05.08-06.15.58:326][809]LogModuleManager: Shutting down and abandoning module GameLiveStreaming (80)
[2016.05.08-06.15.58:332][809]LogModuleManager: Shutting down and abandoning module GameplayTagsEditor (79)
[2016.05.08-06.15.58:332][809]LogModuleManager: Shutting down and abandoning module OnlineBlueprintSupport (78)
[2016.05.08-06.15.58:332][809]LogModuleManager: Shutting down and abandoning module GameplayTasksEditor (77)
[2016.05.08-06.15.58:332][809]LogModuleManager: Shutting down and abandoning module PropertyEditor (76)
[2016.05.08-06.15.58:332][809]LogModuleManager: Shutting down and abandoning module BehaviorTreeEditor (75)
[2016.05.08-06.15.58:359][809]LogModuleManager: Shutting down and abandoning module FunctionalTesting (74)
[2016.05.08-06.15.58:359][809]LogModuleManager: Shutting down and abandoning module CollisionAnalyzer (73)
[2016.05.08-06.15.58:378][809]LogModuleManager: Shutting down and abandoning module WorkspaceMenuStructure (72)
[2016.05.08-06.15.58:378][809]LogModuleManager: Shutting down and abandoning module MessageLog (71)
[2016.05.08-06.15.58:378][809]LogModuleManager: Shutting down and abandoning module Sequencer (70)
[2016.05.08-06.15.58:401][809]LogModuleManager: Shutting down and abandoning module AssetTools (69)
[2016.05.08-06.15.58:421][809]LogModuleManager: Shutting down and abandoning module UMGEditor (68)
[2016.05.08-06.15.58:439][809]LogModuleManager: Shutting down and abandoning module UMG (67)
[2016.05.08-06.15.58:462][809]LogModuleManager: Shutting down and abandoning module SlateReflector (66)
[2016.05.08-06.15.58:479][809]LogModuleManager: Shutting down and abandoning module Slate (65)
[2016.05.08-06.15.58:479][809]LogModuleManager: Shutting down and abandoning module EditorStyle (64)
[2016.05.08-06.15.58:484][809]LogModuleManager: Shutting down and abandoning module SessionServices (63)
[2016.05.08-06.15.58:484][809]LogModuleManager: Shutting down and abandoning module SourceCodeAccess (62)
[2016.05.08-06.15.58:484][809]LogModuleManager: Shutting down and abandoning module HeadMountedDisplay (61)
[2016.05.08-06.15.58:485][809]LogModuleManager: Shutting down and abandoning module XAudio2 (60)
[2016.05.08-06.15.58:485][809]LogModuleManager: Shutting down and abandoning module Networking (58)
[2016.05.08-06.15.58:485][809]LogModuleManager: Shutting down and abandoning module Core (57)
[2016.05.08-06.15.58:485][809]LogModuleManager: Shutting down and abandoning module KismetCompiler (56)
[2016.05.08-06.15.58:485][809]LogModuleManager: Shutting down and abandoning module PhysXFormats (55)
[2016.05.08-06.15.58:496][809]LogModuleManager: Shutting down and abandoning module MeshUtilities (54)
[2016.05.08-06.15.58:514][809]LogModuleManager: Shutting down and abandoning module CookingStats (53)
[2016.05.08-06.15.58:514][809]LogModuleManager: Shutting down and abandoning module DerivedDataCache (52)
[2016.05.08-06.15.58:514][809]LogDerivedDataCache: Shutdown
[2016.05.08-06.15.58:514][809]LogModuleManager: Shutting down and abandoning module MetalShaderFormat (51)
[2016.05.08-06.15.58:525][809]LogModuleManager: Shutting down and abandoning module ShaderFormatD3D (50)
[2016.05.08-06.15.58:525][809]LogModuleManager: Shutting down and abandoning module ShaderFormatOpenGL (49)
[2016.05.08-06.15.58:532][809]LogModuleManager: Shutting down and abandoning module TextureFormatUncompressed (48)
[2016.05.08-06.15.58:532][809]LogModuleManager: Shutting down and abandoning module ImageWrapper (47)
[2016.05.08-06.15.58:533][809]LogModuleManager: Shutting down and abandoning module TextureFormatASTC (46)
[2016.05.08-06.15.58:533][809]LogModuleManager: Shutting down and abandoning module TextureFormatPVR (45)
[2016.05.08-06.15.58:533][809]LogModuleManager: Shutting down and abandoning module TextureFormatDXT (44)
[2016.05.08-06.15.58:533][809]LogModuleManager: Shutting down and abandoning module TextureFormatIntelISPCTexComp (43)
[2016.05.08-06.15.58:534][809]LogModuleManager: Shutting down and abandoning module AudioFormatOpus (42)
[2016.05.08-06.15.58:541][809]LogModuleManager: Shutting down and abandoning module AudioFormatOgg (41)
[2016.05.08-06.15.58:541][809]LogModuleManager: Shutting down and abandoning module AudioFormatADPCM (40)
[2016.05.08-06.15.58:541][809]LogModuleManager: Shutting down and abandoning module TVOSTargetPlatform (39)
[2016.05.08-06.15.58:541][809]LogModuleManager: Shutting down and abandoning module Messaging (38)
[2016.05.08-06.15.58:541][809]LogModuleManager: Shutting down and abandoning module IOSTargetPlatform (37)
[2016.05.08-06.15.58:542][809]LogModuleManager: Shutting down and abandoning module HTML5TargetPlatform (36)
[2016.05.08-06.15.58:542][809]LogModuleManager: Shutting down and abandoning module Android_MultiTargetPlatform (35)
[2016.05.08-06.15.58:549][809]LogModuleManager: Shutting down and abandoning module Android_ASTCTargetPlatform (34)
[2016.05.08-06.15.58:549][809]LogModuleManager: Shutting down and abandoning module Android_ETC2TargetPlatform (33)
[2016.05.08-06.15.58:549][809]LogModuleManager: Shutting down and abandoning module Android_ETC1TargetPlatform (32)
[2016.05.08-06.15.58:549][809]LogModuleManager: Shutting down and abandoning module Android_DXTTargetPlatform (31)
[2016.05.08-06.15.58:550][809]LogModuleManager: Shutting down and abandoning module Android_ATCTargetPlatform (30)
[2016.05.08-06.15.58:550][809]LogModuleManager: Shutting down and abandoning module Android_PVRTCTargetPlatform (29)
[2016.05.08-06.15.58:550][809]LogModuleManager: Shutting down and abandoning module AndroidTargetPlatform (28)
[2016.05.08-06.15.58:550][809]LogModuleManager: Shutting down and abandoning module AllDesktopTargetPlatform (27)
[2016.05.08-06.15.58:550][809]LogModuleManager: Shutting down and abandoning module WindowsClientTargetPlatform (26)
[2016.05.08-06.15.58:550][809]LogModuleManager: Shutting down and abandoning module WindowsServerTargetPlatform (25)
[2016.05.08-06.15.58:550][809]LogModuleManager: Shutting down and abandoning module WindowsNoEditorTargetPlatform (24)
[2016.05.08-06.15.58:550][809]LogModuleManager: Shutting down and abandoning module WindowsTargetPlatform (23)
[2016.05.08-06.15.58:550][809]LogModuleManager: Shutting down and abandoning module TargetPlatform (22)
[2016.05.08-06.15.58:550][809]LogModuleManager: Shutting down and abandoning module InputCore (21)
[2016.05.08-06.15.58:550][809]LogModuleManager: Shutting down and abandoning module Settings (20)
[2016.05.08-06.15.58:550][809]LogModuleManager: Shutting down and abandoning module OnlineSubsystem (18)
[2016.05.08-06.15.58:550][809]LogModuleManager: Shutting down and abandoning module HTTP (17)
[2016.05.08-06.16.00:557][809]LogModuleManager: Shutting down and abandoning module OculusRift (16)
[2016.05.08-06.16.00:575][809]LogModuleManager: Shutting down and abandoning module ExampleDeviceProfileSelector (15)
[2016.05.08-06.16.00:575][809]LogModuleManager: Shutting down and abandoning module TextureCompressor (14)
[2016.05.08-06.16.00:579][809]LogModuleManager: Shutting down and abandoning module ShaderCore (13)
[2016.05.08-06.16.00:579][809]LogModuleManager: Shutting down and abandoning module Landscape (12)
[2016.05.08-06.16.00:579][809]LogModuleManager: Shutting down and abandoning module SlateRHIRenderer (11)
[2016.05.08-06.16.00:598][809]LogModuleManager: Shutting down and abandoning module OpenGLDrv (10)
[2016.05.08-06.16.00:619][809]LogModuleManager: Shutting down and abandoning module D3D11RHI (9)
[2016.05.08-06.16.00:619][809]LogModuleManager: Shutting down and abandoning module AnimGraphRuntime (8)
[2016.05.08-06.16.00:619][809]LogModuleManager: Shutting down and abandoning module Renderer (7)
[2016.05.08-06.16.00:619][809]LogModuleManager: Shutting down and abandoning module Engine (6)
[2016.05.08-06.16.00:619][809]LogModuleManager: Shutting down and abandoning module CoreUObject (5)
[2016.05.08-06.16.00:619][809]LogModuleManager: Shutting down and abandoning module NetworkFile (4)
[2016.05.08-06.16.00:632][809]LogModuleManager: Shutting down and abandoning module StreamingFile (3)
[2016.05.08-06.16.00:632][809]LogModuleManager: Shutting down and abandoning module SandboxFile (2)
[2016.05.08-06.16.00:638][809]LogModuleManager: Shutting down and abandoning module PakFile (1)
[2016.05.08-06.16.00:654][809]LogExit: Exiting.
[2016.05.08-06.16.00:664][809]Log file closed, 05/08/16 02:16:00
